Arguments: 
  /usr/local/bin/node /usr/local/bin/yarn install

PATH: 
  /usr/local/bin:/usr/bin:/bin:/usr/sbin:/sbin:/Users/sajadevo/Developer/flutter/bin:/Users/sajadevo/Developer/gradle/bin

Yarn version: 
  1.22.10

Node version: 
  14.17.3

Platform: 
  darwin x64

Trace: 
  SyntaxError: /Users/sajadevo/Developer/Creative Tim/Soft Design Products/FREE/soft-ui-dashboard-material-ui-v1.0.0/package.json: Unexpected token } in JSON at position 1314
      at JSON.parse (<anonymous>)
      at /usr/local/lib/node_modules/yarn/lib/cli.js:1625:59
      at Generator.next (<anonymous>)
      at step (/usr/local/lib/node_modules/yarn/lib/cli.js:310:30)
      at /usr/local/lib/node_modules/yarn/lib/cli.js:321:13

npm manifest: 
  {
    "name": "soft-ui-dashboard-pro-material-ui",
    "version": "1.0.0",
    "private": true,
    "author": "Creative Tim",
    "license": "See license in https://www.creative-tim.com/license",
    "description": "Material UI version of Soft UI Dashboard PRO by Creative Tim",
    "homepage": "https://demos.creative-tim.com/soft-ui-dashboard-pro-material-ui/#/dashboards/default",
    "bugs": {
      "url": "https://github.com/creativetimofficial/ct-soft-ui-dashboard-pro-material-ui/issues"
    },
    "repository": {
      "type": "git",
      "url": "git+https://github.com/creativetimofficial/ct-soft-ui-dashboard-pro-material-ui.git"
    },
    "dependencies": {
      "@material-ui/core": "^4.11.4",
      "@material-ui/icons": "^4.11.2",
      "@material-ui/styles": "^4.11.4",
      "@testing-library/jest-dom": "^5.11.4",
      "@testing-library/react": "^11.1.0",
      "@testing-library/user-event": "^12.1.10",
      "chart.js": "^3.4.1",
      "chroma-js": "^2.1.2",
      "clsx": "^1.1.1",
      "jss": "^10.7.1",
      "jss-rtl": "^0.3.0",
      "prop-types": "^15.7.2",
      "react": "^17.0.2",
      "react-chartjs-2": "^3.0.4",
      "react-countup": "^5.2.0",
      "react-dom": "^17.0.2",
      "react-flatpickr": "^3.10.7",
      "react-github-btn": "^1.2.1",
      "react-router-dom": "^5.2.0",
      "react-scripts": "4.0.3",
      "web-vitals": "^1.0.1",
    },
    "scripts": {
      "start": "react-scripts start",
      "build": "react-scripts build",
      "test": "react-scripts test",
      "eject": "react-scripts eject",
      "install:clean": "rm -rf node_modules/ && rm -rf package-lock.json && npm install && npm start"
    },
    "eslintConfig": {
      "extends": [
        "react-app",
        "react-app/jest"
      ]
    },
    "browserslist": {
      "production": [
        ">0.2%",
        "not dead",
        "not op_mini all"
      ],
      "development": [
        "last 1 chrome version",
        "last 1 firefox version",
        "last 1 safari version"
      ]
    },
    "devDependencies": {
      "eslint": "^7.30.0",
      "eslint-config-airbnb": "^18.2.1",
      "eslint-config-prettier": "^8.3.0",
      "eslint-plugin-import": "^2.23.4",
      "eslint-plugin-jsx-a11y": "^6.4.1",
      "eslint-plugin-prettier": "^3.4.0",
      "eslint-plugin-react": "^7.24.0",
      "eslint-plugin-react-hooks": "^4.2.0",
      "prettier": "^2.3.2"
    }
  }

yarn manifest: 
  No manifest

Lockfile: 
  No lockfile
